c:\users\hasee\desktop\comp1\complier\x64\debug\vc141.pdb
c:\users\hasee\desktop\comp1\complier\x64\debug\vc141.idb
c:\users\hasee\desktop\comp1\complier\x64\debug\test.obj
c:\users\hasee\desktop\comp1\complier\x64\debug\symbol.obj
c:\users\hasee\desktop\comp1\complier\x64\debug\semantic_analyzer.obj
c:\users\hasee\desktop\comp1\complier\x64\debug\register.obj
c:\users\hasee\desktop\comp1\complier\x64\debug\recursion.obj
c:\users\hasee\desktop\comp1\complier\x64\debug\optimizer.obj
c:\users\hasee\desktop\comp1\complier\x64\debug\main.obj
c:\users\hasee\desktop\comp1\complier\x64\debug\ll.obj
c:\users\hasee\desktop\comp1\complier\x64\debug\lexical_analyzer.obj
c:\users\hasee\desktop\comp1\complier\x64\debug\grammatical_analyzer.obj
c:\users\hasee\desktop\comp1\complier\x64\debug\dagnode.obj
c:\users\hasee\desktop\comp1\complier\x64\debug\dag.obj
c:\users\hasee\desktop\comp1\complier\x64\debug\assembler.obj
c:\users\hasee\desktop\comp1\x64\debug\complier.exe
c:\users\hasee\desktop\comp1\x64\debug\complier.ilk
c:\users\hasee\desktop\comp1\x64\debug\complier.pdb
c:\users\hasee\desktop\comp1\complier\x64\debug\assembler.obj.enc
c:\users\hasee\desktop\comp1\complier\x64\debug\complier.tlog\cl.command.1.tlog
c:\users\hasee\desktop\comp1\complier\x64\debug\complier.tlog\cl.read.1.tlog
c:\users\hasee\desktop\comp1\complier\x64\debug\complier.tlog\cl.write.1.tlog
c:\users\hasee\desktop\comp1\complier\x64\debug\complier.tlog\link.command.1.tlog
c:\users\hasee\desktop\comp1\complier\x64\debug\complier.tlog\link.read.1.tlog
c:\users\hasee\desktop\comp1\complier\x64\debug\complier.tlog\link.write.1.tlog
